x:\cs6620\prj13\prj13\release\vc120.pdb
x:\cs6620\prj13\prj13\release\xmlload.obj
x:\cs6620\prj13\prj13\release\viewport.obj
x:\cs6620\prj13\prj13\release\tracer.obj
x:\cs6620\prj13\prj13\release\tinyxmlparser.obj
x:\cs6620\prj13\prj13\release\tinyxmlerror.obj
x:\cs6620\prj13\prj13\release\tinyxml.obj
x:\cs6620\prj13\prj13\release\tinystr.obj
x:\cs6620\prj13\prj13\release\texture.obj
x:\cs6620\prj13\prj13\release\renderer.obj
x:\cs6620\prj13\prj13\release\object.obj
x:\cs6620\prj13\prj13\release\math.obj
x:\cs6620\prj13\prj13\release\materials.obj
x:\cs6620\prj13\prj13\release\main.obj
x:\cs6620\prj13\prj13\release\lights.obj
x:\cs6620\prj13\prj13\release\photonmap.obj
x:\cs6620\prj13\release\prj13.pdb
x:\cs6620\prj13\prj13\release\prj13.tlog\cl.read.1.tlog
x:\cs6620\prj13\prj13\release\prj13.tlog\cl.write.1.tlog
x:\cs6620\prj13\prj13\release\prj13.tlog\cl.command.1.tlog
x:\cs6620\prj13\prj13\release\prj13.tlog\link.command.1.tlog
x:\cs6620\prj13\prj13\release\prj13.tlog\link.read.1.tlog
x:\cs6620\prj13\prj13\release\prj13.tlog\link.write.1.tlog
