Build started 3/4/2015 1:22:54 PM.
     1>Project "X:\cs6620\prj14\prj13\prj13.vcxproj" on node 2 (Rebuild target(s)).
     1>C:\Program Files (x86)\MSBuild\Microsoft.Cpp\v4.0\V120\Microsoft.CppBuild.targets(388,5): warning MSB8028: The intermediate directory (Release\) contains files shared from another project (prj13.vcxproj).  This can lead to incorrect clean and rebuild behavior.
     1>ClCompile:
         C:\Program Files (x86)\Microsoft Visual Studio 12.0\VC\bin\CL.exe /c /Zi /nologo /W3 /WX- /sdl /O2 /Oi /Oy- /GL /D WIN32 /D _CRT_SECURE_NO_WARNINGS /D NDEBUG /D _CONSOLE /D _LIB /D _UNICODE /D UNICODE /Gm- /EHsc /MD /GS /Gy /fp:precise /Zc:wchar_t /Zc:forScope /Fo"Release\\" /Fd"Release\vc120.pdb" /Gd /TP /analyze- /errorReport:prompt lights.cpp main.cpp materials.cpp Math.cpp object.cpp PhotonGenerator.cpp photonmap.cpp Renderer.cpp texture.cpp tinyxml\tinystr.cpp tinyxml\tinyxml.cpp tinyxml\tinyxmlerror.cpp tinyxml\tinyxmlparser.cpp Tracer.cpp viewport.cpp xmlload.cpp
         lights.cpp
     1>lights.cpp(35): warning C4244: 'initializing' : conversion from 'double' to 'float', possible loss of data
     1>lights.cpp(46): warning C4244: 'argument' : conversion from 'double' to 'float', possible loss of data
     1>lights.cpp(53): warning C4244: '=' : conversion from 'double' to 'float', possible loss of data
     1>lights.cpp(54): warning C4244: '=' : conversion from 'double' to 'float', possible loss of data
     1>lights.cpp(81): warning C4244: 'initializing' : conversion from 'double' to 'float', possible loss of data
         main.cpp
         materials.cpp
     1>x:\cs6620\prj14\prj13\Math.h(9): warning C4244: 'argument' : conversion from 'double' to 'const float', possible loss of data
     1>materials.cpp(23): warning C4018: '<' : signed/unsigned mismatch
     1>materials.cpp(74): warning C4018: '<' : signed/unsigned mismatch
     1>materials.cpp(138): warning C4244: 'initializing' : conversion from 'double' to 'float', possible loss of data
     1>materials.cpp(157): warning C4244: 'argument' : conversion from 'int' to 'float', possible loss of data
     1>materials.cpp(204): warning C4244: 'initializing' : conversion from 'double' to 'float', possible loss of data
     1>materials.cpp(223): warning C4244: 'argument' : conversion from 'int' to 'float', possible loss of data
     1>materials.cpp(290): warning C4244: 'argument' : conversion from 'double' to 'float', possible loss of data
     1>materials.cpp(291): warning C4244: 'initializing' : conversion from 'double' to 'float', possible loss of data
     1>materials.cpp(311): warning C4244: 'initializing' : conversion from 'double' to 'float', possible loss of data
     1>materials.cpp(356): warning C4244: 'initializing' : conversion from 'double' to 'float', possible loss of data
         Math.cpp
     1>x:\cs6620\prj14\prj13\Math.h(9): warning C4244: 'argument' : conversion from 'double' to 'const float', possible loss of data
         object.cpp
     1>object.cpp(57): warning C4244: 'initializing' : conversion from 'double' to 'float', possible loss of data
     1>object.cpp(65): warning C4244: '=' : conversion from 'double' to 'float', possible loss of data
     1>object.cpp(73): warning C4244: '=' : conversion from 'double' to 'float', possible loss of data
     1>object.cpp(78): warning C4244: '=' : conversion from 'double' to 'float', possible loss of data
     1>object.cpp(88): warning C4244: '=' : conversion from 'double' to 'float', possible loss of data
     1>object.cpp(89): warning C4244: '=' : conversion from 'double' to 'float', possible loss of data
     1>object.cpp(199): warning C4018: '<' : signed/unsigned mismatch
         PhotonGenerator.cpp
     1>PhotonGenerator.cpp(9): warning C4018: '<' : signed/unsigned mismatch
     1>PhotonGenerator.cpp(27): warning C4018: '<' : signed/unsigned mismatch
     1>PhotonGenerator.cpp(64): warning C4018: '<' : signed/unsigned mismatch
     1>PhotonGenerator.cpp(69): warning C4244: 'argument' : conversion from 'int' to 'float', possible loss of data
         photonmap.cpp
     1>photonmap.cpp(54): warning C4244: '=' : conversion from 'double' to 'float', possible loss of data
     1>photonmap.cpp(55): warning C4244: '=' : conversion from 'double' to 'float', possible loss of data
     1>photonmap.cpp(56): warning C4244: '=' : conversion from 'double' to 'float', possible loss of data
     1>photonmap.cpp(57): warning C4244: '=' : conversion from 'double' to 'float', possible loss of data
     1>photonmap.cpp(518): warning C4244: 'initializing' : conversion from 'double' to 'const float', possible loss of data
     1>photonmap.cpp(553): warning C4305: '*=' : truncation from 'double' to 'float'
     1>photonmap.cpp(580): warning C4244: 'initializing' : conversion from 'double' to 'const float', possible loss of data
         Renderer.cpp
     1>Renderer.cpp(15): warning C4305: 'initializing' : truncation from 'double' to 'const float'
     1>Renderer.cpp(40): warning C4244: 'initializing' : conversion from 'double' to 'float', possible loss of data
     1>Renderer.cpp(90): warning C4244: 'initializing' : conversion from 'double' to 'float', possible loss of data
     1>Renderer.cpp(130): warning C4244: 'argument' : conversion from 'int' to 'float', possible loss of data
     1>Renderer.cpp(142): warning C4244: 'argument' : conversion from 'int' to 'float', possible loss of data
     1>Renderer.cpp(144): warning C4244: 'argument' : conversion from 'double' to 'float', possible loss of data
     1>Renderer.cpp(88): warning C4101: 'camRandomY' : unreferenced local variable
     1>Renderer.cpp(88): warning C4101: 'camRandomX' : unreferenced local variable
         texture.cpp
         tinystr.cpp
         tinyxml.cpp
         tinyxmlerror.cpp
         tinyxmlparser.cpp
         Tracer.cpp
         viewport.cpp
     1>viewport.cpp(13): warning C4068: unknown pragma
         xmlload.cpp
       Link:
         C:\Program Files (x86)\Microsoft Visual Studio 12.0\VC\bin\link.exe /ERRORREPORT:PROMPT /OUT:"X:\cs6620\prj14\Release\RayTracer.exe" /INCREMENTAL:NO /NOLOGO kernel32.lib user32.lib gdi32.lib winspool.lib comdlg32.lib advapi32.lib shell32.lib ole32.lib oleaut32.lib uuid.lib odbc32.lib odbccp32.lib /MANIFEST /MANIFESTUAC:"level='asInvoker' uiAccess='false'" /manifest:embed /DEBUG /PDB:"X:\cs6620\prj14\Release\RayTracer.pdb" /SUBSYSTEM:CONSOLE /OPT:REF /OPT:ICF /LTCG /TLBID:1 /DYNAMICBASE /NXCOMPAT /IMPLIB:"X:\cs6620\prj14\Release\RayTracer.lib" /MACHINE:X86 /SAFESEH Release\lights.obj
         Release\main.obj
         Release\materials.obj
         Release\Math.obj
         Release\object.obj
         Release\PhotonGenerator.obj
         Release\photonmap.obj
         Release\Renderer.obj
         Release\texture.obj
         Release\tinystr.obj
         Release\tinyxml.obj
         Release\tinyxmlerror.obj
         Release\tinyxmlparser.obj
         Release\Tracer.obj
         Release\viewport.obj
         Release\xmlload.obj
         Generating code
         Finished generating code
         prj13.vcxproj -> X:\cs6620\prj14\Release\RayTracer.exe
     1>Done Building Project "X:\cs6620\prj14\prj13\prj13.vcxproj" (Rebuild target(s)).

Build succeeded.

Time Elapsed 00:00:08.84
